<?xml version="1.0" encoding="UTF-8"?>
<testng-results ignored="0" total="1" passed="1" failed="0" skipped="0">
  <reporter-output>
  </reporter-output>
  <suite started-at="2026-06-14T20:05:02 IST" name="AmazonProjectSuite" finished-at="2026-06-14T20:05:33 IST" duration-ms="30520">
    <groups>
    </groups>
    <test started-at="2026-06-14T20:05:02 IST" name="AmazonPojectTest" finished-at="2026-06-14T20:05:33 IST" duration-ms="30520">
      <class name="com.amazon.test.DummyClass">
        <test-method is-config="true" signature="loadConfig()[pri:0, instance:com.amazon.test.DummyClass@19e4653c]" started-at="2026-06-14T20:05:02 IST" name="loadConfig" finished-at="2026-06-14T20:05:02 IST" duration-ms="14" status="PASS">
          <reporter-output>
          </reporter-output>
        </test-method> <!-- loadConfig -->
        <test-method is-config="true" signature="setup()[pri:0, instance:com.amazon.test.DummyClass@19e4653c]" started-at="2026-06-14T20:05:02 IST" name="setup" finished-at="2026-06-14T20:05:32 IST" duration-ms="30127" status="PASS">
          <reporter-output>
          </reporter-output>
        </test-method> <!-- setup -->
        <test-method signature="dummyTest()[pri:0, instance:com.amazon.test.DummyClass@19e4653c]" started-at="2026-06-14T20:05:32 IST" name="dummyTest" finished-at="2026-06-14T20:05:32 IST" duration-ms="30" status="PASS">
          <reporter-output>
          </reporter-output>
        </test-method> <!-- dummyTest -->
        <test-method is-config="true" signature="tearDown()[pri:0, instance:com.amazon.test.DummyClass@19e4653c]" started-at="2026-06-14T20:05:32 IST" name="tearDown" finished-at="2026-06-14T20:05:33 IST" duration-ms="324" status="PASS">
          <reporter-output>
          </reporter-output>
        </test-method> <!-- tearDown -->
      </class> <!-- com.amazon.test.DummyClass -->
    </test> <!-- AmazonPojectTest -->
  </suite> <!-- AmazonProjectSuite -->
</testng-results>
