<?xml version="1.0" encoding="UTF-8"?>
<testng-results ignored="0" total="2" passed="2" failed="0" skipped="0">
  <reporter-output>
  </reporter-output>
  <suite started-at="2026-06-17T23:45:51 IST" name="Default suite" finished-at="2026-06-17T23:47:37 IST" duration-ms="106007">
    <groups>
    </groups>
    <test started-at="2026-06-17T23:45:51 IST" name="Default test" finished-at="2026-06-17T23:47:37 IST" duration-ms="106007">
      <class name="com.amazon.test.LoginPageTest">
        <test-method is-config="true" signature="loadConfig()[pri:0, instance:com.amazon.test.LoginPageTest@4b29d1d2]" started-at="2026-06-17T23:45:51 IST" name="loadConfig" finished-at="2026-06-17T23:45:51 IST" duration-ms="9" status="PASS">
          <reporter-output>
          </reporter-output>
        </test-method> <!-- loadConfig -->
        <test-method is-config="true" signature="setup()[pri:0, instance:com.amazon.test.LoginPageTest@4b29d1d2]" started-at="2026-06-17T23:45:51 IST" name="setup" finished-at="2026-06-17T23:45:56 IST" duration-ms="5036" status="PASS">
          <reporter-output>
          </reporter-output>
        </test-method> <!-- setup -->
        <test-method is-config="true" signature="setupPages()[pri:0, instance:com.amazon.test.LoginPageTest@4b29d1d2]" started-at="2026-06-17T23:45:56 IST" name="setupPages" finished-at="2026-06-17T23:45:56 IST" duration-ms="6" status="PASS">
          <reporter-output>
          </reporter-output>
        </test-method> <!-- setupPages -->
        <test-method signature="invalidLoginTest()[pri:0, instance:com.amazon.test.LoginPageTest@4b29d1d2]" started-at="2026-06-17T23:45:56 IST" name="invalidLoginTest" finished-at="2026-06-17T23:45:59 IST" duration-ms="2921" status="PASS">
          <reporter-output>
          </reporter-output>
        </test-method> <!-- invalidLoginTest -->
        <test-method is-config="true" signature="tearDown()[pri:0, instance:com.amazon.test.LoginPageTest@4b29d1d2]" started-at="2026-06-17T23:45:59 IST" name="tearDown" finished-at="2026-06-17T23:45:59 IST" duration-ms="245" status="PASS">
          <reporter-output>
          </reporter-output>
        </test-method> <!-- tearDown -->
        <test-method is-config="true" signature="setup()[pri:0, instance:com.amazon.test.LoginPageTest@4b29d1d2]" started-at="2026-06-17T23:45:59 IST" name="setup" finished-at="2026-06-17T23:46:06 IST" duration-ms="6649" status="PASS">
          <reporter-output>
          </reporter-output>
        </test-method> <!-- setup -->
        <test-method is-config="true" signature="setupPages()[pri:0, instance:com.amazon.test.LoginPageTest@4b29d1d2]" started-at="2026-06-17T23:46:06 IST" name="setupPages" finished-at="2026-06-17T23:46:06 IST" duration-ms="1" status="PASS">
          <reporter-output>
          </reporter-output>
        </test-method> <!-- setupPages -->
        <test-method signature="verifyValidLoginTest()[pri:0, instance:com.amazon.test.LoginPageTest@4b29d1d2]" started-at="2026-06-17T23:46:06 IST" name="verifyValidLoginTest" finished-at="2026-06-17T23:47:37 IST" duration-ms="90790" status="PASS">
          <reporter-output>
          </reporter-output>
        </test-method> <!-- verifyValidLoginTest -->
        <test-method is-config="true" signature="tearDown()[pri:0, instance:com.amazon.test.LoginPageTest@4b29d1d2]" started-at="2026-06-17T23:47:37 IST" name="tearDown" finished-at="2026-06-17T23:47:37 IST" duration-ms="311" status="PASS">
          <reporter-output>
          </reporter-output>
        </test-method> <!-- tearDown -->
      </class> <!-- com.amazon.test.LoginPageTest -->
    </test> <!-- Default test -->
  </suite> <!-- Default suite -->
</testng-results>
