<?xml version="1.0" encoding="UTF-8"?>
<!-- Generated by org.testng.reporters.JUnitReportReporter -->
<testsuite hostname="Ishika" failures="0" tests="2" name="com.amazon.test.LoginPageTest" time="105.959" errors="0" timestamp="2026-06-17T23:47:37 IST" skipped="0">
  <testcase classname="com.amazon.test.LoginPageTest" name="invalidLoginTest" time="8.269"/>
  <testcase classname="com.amazon.test.LoginPageTest" name="verifyValidLoginTest" time="97.690"/>
</testsuite> <!-- com.amazon.test.LoginPageTest -->
