<?xml version="1.0" encoding="UTF-8"?>
<!-- Generated by org.testng.reporters.JUnitXMLReporter -->
<testsuite ignored="1" hostname="Ishika" failures="0" tests="2" name="AmazonPojectTest" time="112.45" errors="0" timestamp="2026-06-17T22:22:20 IST">
  <testcase classname="com.amazon.test.DummyClass" name="dummyTest" time="0.026"/>
  <testcase classname="com.amazon.test.LoginPageTest" name="verifyValidLoginTest" time="101.963"/>
  <testcase classname="com.amazon.base.BaseClass" name="@BeforeSuite loadConfig" time="0.0">
    <ignored/>
  </testcase> <!-- @BeforeSuite loadConfig -->
</testsuite> <!-- AmazonPojectTest -->
